#
# Copyright (c) 2009 Nokia Corporation and/or its subsidiary(-ies).
# All rights reserved.
# This component and the accompanying materials are made available
# under the terms of "Eclipse Public License v1.0"
# which accompanies this distribution, and is available
# at the URL "http://www.eclipse.org/legal/epl-v10.html".
#
# Initial Contributors:
# Nokia Corporation - initial contribution.
#
# Contributors:
#
# Description: 
#
# component name "Generic Board Support Packages"

component	base_e32_drivers_bsp

source	\sf\os\kernelhwsrv\kernel\eka\drivers\bsp
source	\sf\os\kernelhwsrv\kernel\eka\drivers\dma
source	\sf\os\kernelhwsrv\kernel\eka\drivers\power
source	\sf\os\kernelhwsrv\kernel\eka\drivers\resourceman
source	\sf\os\kernelhwsrv\kernel\eka\drivers\resmanus
source	\sf\os\kernelhwsrv\kernel\eka\drivers\xyin
source	\sf\os\kernelhwsrv\kernel\eka\drivers\iic
source  \sf\os\kernelhwsrv\kernel\eka\drivers\hcr

binary	\sf\os\kernelhwsrv\kernel\eka\drivers\bsp all
exports	\sf\os\kernelhwsrv\kernel\eka\drivers\bsp

notes_source	\component_defs\release.src


ipr E

