#
# Copyright (c) 2009 Nokia Corporation and/or its subsidiary(-ies).
# All rights reserved.
# This component and the accompanying materials are made available
# under the terms of "Eclipse Public License v1.0"
# which accompanies this distribution, and is available
# at the URL "http://www.eclipse.org/legal/epl-v10.html".
#
# Initial Contributors:
# Nokia Corporation - initial contribution.
#
# Contributors:
#
# Description: 
#
# component name "User Library"

component	base_e32_euser

source	\sf\os\kernelhwsrv\kernel\eka\common
source	\sf\os\kernelhwsrv\kernel\eka\euser

binary	\sf\os\kernelhwsrv\kernel\eka\euser all
exports	\sf\os\kernelhwsrv\kernel\eka\euser

notes_source	\component_defs\release.src


ipr A
ipr D \sf\os\kernelhwsrv\kernel\eka\euser\cbase
ipr D \sf\os\kernelhwsrv\kernel\eka\euser\epoc
ipr D \sf\os\kernelhwsrv\kernel\eka\euser\unicode
ipr D \sf\os\kernelhwsrv\kernel\eka\euser\v7_0
ipr D \sf\os\kernelhwsrv\kernel\eka\common

