#
# Copyright (c) 2009 Nokia Corporation and/or its subsidiary(-ies).
# All rights reserved.
# This component and the accompanying materials are made available
# under the terms of "Eclipse Public License v1.0"
# which accompanies this distribution, and is available
# at the URL "http://www.eclipse.org/legal/epl-v10.html".
#
# Initial Contributors:
# Nokia Corporation - initial contribution.
#
# Contributors:
#
# Description: 
#
# component name "Template Variant"

component	base_template
source	\sf\os\kernelhwsrv\bsptemplate\asspandvariant\template_assp
source	\sf\os\kernelhwsrv\bsptemplate\asspandvariant\template_variant
source	\sf\os\kernelhwsrv\bsptemplate\asspandvariant\base_template.mrp
source	\sf\os\kernelhwsrv\bsptemplate\asspandvariant\base_template.history.xml
source	\sf\os\kernelhwsrv\bsptemplate\asspandvariant\distribution.policy.s60

binary	\sf\os\kernelhwsrv\bsptemplate\asspandvariant\template_variant all
exports	\sf\os\kernelhwsrv\bsptemplate\asspandvariant\template_variant

notes_source	\component_defs\release.src

ipr E 
ipr T \sf\os\kernelhwsrv\bsptemplate\asspandvariant\template_variant\test
