#
# Copyright (c) 2009 Nokia Corporation and/or its subsidiary(-ies).
# All rights reserved.
# This component and the accompanying materials are made available
# under the terms of "Eclipse Public License v1.0"
# which accompanies this distribution, and is available
# at the URL "http://www.eclipse.org/legal/epl-v10.html".
#
# Initial Contributors:
# Nokia Corporation - initial contribution.
#
# Contributors:
#
# Description: 
#
# component name "User Side Hardware Abstraction"

component	base_hal
source	\sf\os\kernelhwsrv\halservices\hal
binary	\sf\os\kernelhwsrv\halservices\hal all
exports	\sf\os\kernelhwsrv\halservices\hal
notes_source	\component_defs\release.src


ipr D 
ipr T \sf\os\kernelhwsrv\halservices\hal\tsrc

