#
# Copyright (c) 2009 Nokia Corporation and/or its subsidiary(-ies).
# All rights reserved.
# This component and the accompanying materials are made available
# under the terms of "Eclipse Public License v1.0"
# which accompanies this distribution, and is available
# at the URL "http://www.eclipse.org/legal/epl-v10.html".
#
# Initial Contributors:
# Nokia Corporation - initial contribution.
#
# Contributors:
#
# Description: 
#
# component name "USB Host Mass Storage Server"

component	base_f32_shostmassstorage

source	\sf\os\kernelhwsrv\userlibandfileserver\fileserver\shostmassstorage

binary	\sf\os\kernelhwsrv\userlibandfileserver\fileserver\shostmassstorage all
exports	\sf\os\kernelhwsrv\userlibandfileserver\fileserver\shostmassstorage
notes_source	\component_defs\release.src

ipr E

