#
# Copyright (c) 2009 Nokia Corporation and/or its subsidiary(-ies).
# All rights reserved.
# This component and the accompanying materials are made available
# under the terms of "Eclipse Public License v1.0"
# which accompanies this distribution, and is available
# at the URL "http://www.eclipse.org/legal/epl-v10.html".
#
# Initial Contributors:
# Nokia Corporation - initial contribution.
#
# Contributors:
#
# Description: 
#
# component name "File Server"

component	base_f32


source	\sf\os\kernelhwsrv\userlibandfileserver\fileserver\inc
source	\sf\os\kernelhwsrv\userlibandfileserver\fileserver\group
source	\sf\os\kernelhwsrv\userlibandfileserver\fileserver\bmarm
source	\sf\os\kernelhwsrv\userlibandfileserver\fileserver\bwins
source	\sf\os\kernelhwsrv\userlibandfileserver\fileserver\bx86
source	\sf\os\kernelhwsrv\userlibandfileserver\fileserver\ddesign
source	\sf\os\kernelhwsrv\userlibandfileserver\fileserver\eabi
source	\sf\os\kernelhwsrv\userlibandfileserver\fileserver\fs_utils
source	\sf\os\kernelhwsrv\userlibandfileserver\fileserver\rom
source	\sf\os\kernelhwsrv\userlibandfileserver\fileserver\runtests
source	\sf\os\kernelhwsrv\userlibandfileserver\fileserver\sfile
source	\sf\os\kernelhwsrv\userlibandfileserver\fileserver\sfsrv
source	\sf\os\kernelhwsrv\userlibandfileserver\fileserver\ftrace

binary	\sf\os\kernelhwsrv\userlibandfileserver\fileserver\group all
exports	\sf\os\kernelhwsrv\userlibandfileserver\fileserver\group
notes_source	\component_defs\release.src


ipr D
ipr T \sf\os\kernelhwsrv\userlibandfileserver\fileserver\runtests
ipr A \sf\os\kernelhwsrv\userlibandfileserver\fileserver\sfile
ipr A \sf\os\kernelhwsrv\userlibandfileserver\fileserver\sfsrv

