#
# Copyright (c) 2009 Nokia Corporation and/or its subsidiary(-ies).
# All rights reserved.
# This component and the accompanying materials are made available
# under the terms of "Eclipse Public License v1.0"
# which accompanies this distribution, and is available
# at the URL "http://www.eclipse.org/legal/epl-v10.html".
#
# Initial Contributors:
# Nokia Corporation - initial contribution.
#
# Contributors:
#
# Description: 
#
# component name "exFAT File System"

component   base_f32_automounter

source  \sf\os\kernelhwsrv\userlibandfileserver\fileserver\automounter

binary  \sf\os\kernelhwsrv\userlibandfileserver\fileserver\automounter all
exports \sf\os\kernelhwsrv\userlibandfileserver\fileserver\automounter

notes_source    \component_defs\release.src


ipr B

