#
# Copyright (c) 2009 Nokia Corporation and/or its subsidiary(-ies).
# All rights reserved.
# This component and the accompanying materials are made available
# under the terms of "Eclipse Public License v1.0"
# which accompanies this distribution, and is available
# at the URL "http://www.eclipse.org/legal/epl-v10.html".
#
# Initial Contributors:
# Nokia Corporation - initial contribution.
#
# Contributors:
#
# Description: 
#
# component name "Run mode debugger"

component	base_e32_drivers_debug

source	\sf\os\kernelhwsrv\kernel\eka\debug
source	\sf\os\kernelhwsrv\kernel\eka\debug\crashMonitor
source	\sf\os\kernelhwsrv\kernel\eka\drivers\debug

binary	\sf\os\kernelhwsrv\kernel\eka\drivers\debug\group all
exports	\sf\os\kernelhwsrv\kernel\eka\drivers\debug\group

notes_source	\component_defs\release.src


ipr D
